<?xml version="1.0" encoding="UTF-8"?>
<!-- Generated by org.testng.reporters.JUnitReportReporter -->
<testsuite skipped="0" hostname="Rayhan" name="Assert_SoftAssert_.WebDriverManager_annotation_dependsonmethod_expected_exception_skipexception_threadpoolsize_invocationcount_timeout" tests="6" failures="2" timestamp="2022-07-07T03:31:51 EDT" time="0.077" errors="0">
  <testcase name="test02" time="0.025" classname="Assert_SoftAssert_.WebDriverManager_annotation_dependsonmethod_expected_exception_skipexception_threadpoolsize_invocationcount_timeout"/>
  <system-out/>
  <testcase name="test04" time="0.009" classname="Assert_SoftAssert_.WebDriverManager_annotation_dependsonmethod_expected_exception_skipexception_threadpoolsize_invocationcount_timeout"/>
  <system-out/>
  <testcase name="test03" time="0.003" classname="Assert_SoftAssert_.WebDriverManager_annotation_dependsonmethod_expected_exception_skipexception_threadpoolsize_invocationcount_timeout"/>
  <system-out/>
  <testcase name="test05" time="0.004" classname="Assert_SoftAssert_.WebDriverManager_annotation_dependsonmethod_expected_exception_skipexception_threadpoolsize_invocationcount_timeout">
    <failure type="java.lang.AssertionError" message="Home Page Title doesn&#039;t match ... expected [https://www3.mtb.com/personal] but found [M&amp;T Bank - Personal &amp; Business Banking, Mortgages, &amp; More | M&amp;T Bank]">
      <![CDATA[java.lang.AssertionError: Home Page Title doesn't match ... expected [https://www3.mtb.com/personal] but found [M&T Bank - Personal & Business Banking, Mortgages, & More | M&T Bank]
at org.testng.Assert.fail(Assert.java:99)
at org.testng.Assert.failNotEquals(Assert.java:1037)
at org.testng.Assert.assertEqualsImpl(Assert.java:140)
at org.testng.Assert.assertEquals(Assert.java:122)
at org.testng.Assert.assertEquals(Assert.java:629)
at Assert_SoftAssert_.WebDriverManager_annotation_dependsonmethod_expected_exception_skipexception_threadpoolsize_invocationcount_timeout.test05(WebDriverManager_annotation_dependsonmethod_expected_exception_skipexception_threadpoolsize_invocationcount_timeout.java:68)
at sun.reflect.NativeMethodAccessorImpl.invoke0(Native Method)
at sun.reflect.NativeMethodAccessorImpl.invoke(Unknown Source)
at sun.reflect.DelegatingMethodAccessorImpl.invoke(Unknown Source)
at java.lang.reflect.Method.invoke(Unknown Source)
at org.testng.internal.MethodInvocationHelper.invokeMethod(MethodInvocationHelper.java:133)
at org.testng.internal.InvokeMethodRunnable.runOne(InvokeMethodRunnable.java:45)
at org.testng.internal.InvokeMethodRunnable.call(InvokeMethodRunnable.java:73)
at org.testng.internal.InvokeMethodRunnable.call(InvokeMethodRunnable.java:11)
at java.util.concurrent.FutureTask.run(Unknown Source)
at java.util.concurrent.ThreadPoolExecutor.runWorker(Unknown Source)
at java.util.concurrent.ThreadPoolExecutor$Worker.run(Unknown Source)
at java.lang.Thread.run(Unknown Source)
]]>
    </failure>
  </testcase> <!-- test05 -->
  <system-out/>
  <testcase name="test05" time="0.006" classname="Assert_SoftAssert_.WebDriverManager_annotation_dependsonmethod_expected_exception_skipexception_threadpoolsize_invocationcount_timeout">
    <failure type="java.lang.AssertionError" message="Home Page Title doesn&#039;t match ... expected [https://www3.mtb.com/personal] but found [M&amp;T Bank - Personal &amp; Business Banking, Mortgages, &amp; More | M&amp;T Bank]">
      <![CDATA[java.lang.AssertionError: Home Page Title doesn't match ... expected [https://www3.mtb.com/personal] but found [M&T Bank - Personal & Business Banking, Mortgages, & More | M&T Bank]
at org.testng.Assert.fail(Assert.java:99)
at org.testng.Assert.failNotEquals(Assert.java:1037)
at org.testng.Assert.assertEqualsImpl(Assert.java:140)
at org.testng.Assert.assertEquals(Assert.java:122)
at org.testng.Assert.assertEquals(Assert.java:629)
at Assert_SoftAssert_.WebDriverManager_annotation_dependsonmethod_expected_exception_skipexception_threadpoolsize_invocationcount_timeout.test05(WebDriverManager_annotation_dependsonmethod_expected_exception_skipexception_threadpoolsize_invocationcount_timeout.java:68)
at sun.reflect.NativeMethodAccessorImpl.invoke0(Native Method)
at sun.reflect.NativeMethodAccessorImpl.invoke(Unknown Source)
at sun.reflect.DelegatingMethodAccessorImpl.invoke(Unknown Source)
at java.lang.reflect.Method.invoke(Unknown Source)
at org.testng.internal.MethodInvocationHelper.invokeMethod(MethodInvocationHelper.java:133)
at org.testng.internal.InvokeMethodRunnable.runOne(InvokeMethodRunnable.java:45)
at org.testng.internal.InvokeMethodRunnable.call(InvokeMethodRunnable.java:73)
at org.testng.internal.InvokeMethodRunnable.call(InvokeMethodRunnable.java:11)
at java.util.concurrent.FutureTask.run(Unknown Source)
at java.util.concurrent.ThreadPoolExecutor.runWorker(Unknown Source)
at java.util.concurrent.ThreadPoolExecutor$Worker.run(Unknown Source)
at java.lang.Thread.run(Unknown Source)
]]>
    </failure>
  </testcase> <!-- test05 -->
  <system-out/>
  <testcase name="test01" time="0.030" classname="Assert_SoftAssert_.WebDriverManager_annotation_dependsonmethod_expected_exception_skipexception_threadpoolsize_invocationcount_timeout"/>
  <system-out/>
</testsuite> <!-- Assert_SoftAssert_.WebDriverManager_annotation_dependsonmethod_expected_exception_skipexception_threadpoolsize_invocationcount_timeout -->
