<?xml version="1.0" encoding="UTF-8"?>
<!-- Generated by org.testng.reporters.JUnitReportReporter -->
<testsuite skipped="0" hostname="Rayhan" name="hw_17.HW_17" tests="2" failures="0" timestamp="2022-07-06T16:18:29 EDT" time="14.109" errors="0">
  <testcase name="test01" time="6.070" classname="hw_17.HW_17"/>
  <system-out/>
  <testcase name="test02" time="8.039" classname="hw_17.HW_17"/>
  <system-out/>
</testsuite> <!-- hw_17.HW_17 -->
