<?xml version="1.0" encoding="UTF-8"?>
<!-- Generated by org.testng.reporters.JUnitReportReporter -->
<testsuite skipped="0" hostname="Rayhan" name="hw_17.Implicitlywait" tests="1" failures="0" timestamp="2022-07-06T17:15:32 EDT" time="3.101" errors="0">
  <testcase name="test" time="3.101" classname="hw_17.Implicitlywait"/>
  <system-out/>
</testsuite> <!-- hw_17.Implicitlywait -->
